c:\users\kiril\desktop\dll1\release\dll1.pch
c:\users\kiril\desktop\dll1\release\vc142.pdb
c:\users\kiril\desktop\dll1\release\pch.obj
c:\users\kiril\desktop\dll1\release\dllmain.obj
c:\users\kiril\desktop\dll1\release\dll.obj
c:\users\kiril\desktop\task_2\release\dll1.lib
c:\users\kiril\desktop\task_2\release\dll1.exp
c:\users\kiril\desktop\task_2\release\dll1.ipdb
c:\users\kiril\desktop\task_2\release\dll1.iobj
c:\users\kiril\desktop\task_2\release\dll1.dll
c:\users\kiril\desktop\task_2\release\dll1.pdb
d:\bsuir\tapping\c#\lr_4\dll1\release\dll.obj
d:\bsuir\tapping\c#\lr_4\dll1\release\dllmain.obj
d:\bsuir\tapping\c#\lr_4\dll1\release\pch.obj
d:\bsuir\tapping\c#\lr_4\dll1\release\dll1.pch
d:\bsuir\tapping\c#\lr_4\dll1\release\vc142.pdb
d:\bsuir\tapping\c#\lr_4\dll1\release\dll1.tlog\cl.command.1.tlog
d:\bsuir\tapping\c#\lr_4\dll1\release\dll1.tlog\cl.read.1.tlog
d:\bsuir\tapping\c#\lr_4\dll1\release\dll1.tlog\cl.write.1.tlog
d:\bsuir\tapping\c#\lr_4\dll1\release\dll1.tlog\dll1.write.1u.tlog
d:\bsuir\tapping\c#\lr_4\dll1\release\dll1.tlog\link.command.1.tlog
d:\bsuir\tapping\c#\lr_4\dll1\release\dll1.tlog\link.read.1.tlog
d:\bsuir\tapping\c#\lr_4\dll1\release\dll1.tlog\link.write.1.tlog
